
> server@1.0.0 start
> tsx index.ts

[dotenv@17.2.4] injecting env (4) from .env -- tip: ⚙️  specify custom .env file path with { path: '/custom/path/.env' }
Server Configuration:
RPC URL: http://127.0.0.1:8899
Program ID: 91be9qkpnxDk6vrFc1fpxz7pxB3Ec5aAhgVussaw1VSj
Wallet Address: 29KKX9fQspSenNUibR9fxJCLvwGfozFPGbt486SF8JqY
Server running at http://localhost:3001
--- Initializing counter ---
Counter PDA: D5CX3VY8Xz1cPKHAXDE13re4owQHY9YFsbsai4P7GTi9
Instruction Accounts:
  Account 0: 29KKX9fQspSenNUibR9fxJCLvwGfozFPGbt486SF8JqY (Role: 3)
  Account 1: D5CX3VY8Xz1cPKHAXDE13re4owQHY9YFsbsai4P7GTi9 (Role: 1)
  Account 2: 11111111111111111111111111111111 (Role: 0)
Latest Blockhash: GMkyWpPvzGBZgU6S9kQHKQCm3u22Z4PM2mjHR2b4zjdh
Compiling and signing transaction...
Sending and confirming transaction...
Success! Signature: 37pCFxLGnZyT9Tb8joqNBqtyG82Za9ad9FPPqzLRvuPZxpJviNc6X3FAKKoUd7LZwmZBa1XUagcYe6fuZwQGpC6o
--- Initializing counter ---
Counter PDA: D5CX3VY8Xz1cPKHAXDE13re4owQHY9YFsbsai4P7GTi9
Instruction Accounts:
  Account 0: 29KKX9fQspSenNUibR9fxJCLvwGfozFPGbt486SF8JqY (Role: 3)
  Account 1: D5CX3VY8Xz1cPKHAXDE13re4owQHY9YFsbsai4P7GTi9 (Role: 1)
  Account 2: 11111111111111111111111111111111 (Role: 0)
Latest Blockhash: 3A91PAZLXdY1T6KZ6rq9W9zg1Wi8nZCo7oGNqB6nXiYb
Compiling and signing transaction...
Sending and confirming transaction...
Error in /initialize-counter:
SolanaError: Transaction simulation failed
    at <anonymous> (/home/naman/Desktop/projects/journal-entry/server/node_modules/@solana/rpc-transformers/src/response-transformer-throw-solana-error.ts:56:23)
    ... 7 lines matching cause stack trace ...
    at async Object.send (/home/naman/Desktop/projects/journal-entry/server/node_modules/@solana/rpc-spec/src/rpc.ts:100:20)
    at async <anonymous> (/home/naman/Desktop/projects/journal-entry/server/index.ts:97:23) {
  cause: SolanaError: Attempt to load a program that does not exist
      at getSolanaErrorFromJsonRpcError (/home/naman/Desktop/projects/journal-entry/server/node_modules/@solana/errors/src/json-rpc-error.ts:104:48)
      at <anonymous> (/home/naman/Desktop/projects/journal-entry/server/node_modules/@solana/rpc-transformers/src/response-transformer-throw-solana-error.ts:56:23)
      at <anonymous> (/home/naman/Desktop/projects/journal-entry/server/node_modules/@solana/rpc-transformers/src/response-transformer.ts:44:57)
      at <anonymous> (/home/naman/Desktop/projects/journal-entry/server/node_modules/@solana/functional/src/pipe.ts:235:36)
      at Array.reduce (<anonymous>)
      at pipe (/home/naman/Desktop/projects/journal-entry/server/node_modules/@solana/functional/src/pipe.ts:235:16)
      at Object.responseTransformer (/home/naman/Desktop/projects/journal-entry/server/node_modules/@solana/rpc-transformers/src/response-transformer.ts:42:16)
      at Object.execute (/home/naman/Desktop/projects/journal-entry/server/node_modules/@solana/rpc-spec/src/rpc-api.ts:130:39)
      at process.processTicksAndRejections (node:internal/process/task_queues:105:5)
      at async Object.send (/home/naman/Desktop/projects/journal-entry/server/node_modules/@solana/rpc-spec/src/rpc.ts:100:20) {
    cause: undefined,
    context: { __code: 7050004 }
  },
  context: {
    __code: -32002,
    accounts: null,
    fee: 5000n,
    innerInstructions: null,
    loadedAccountsDataSize: 0,
    loadedAddresses: null,
    logs: [],
    postBalances: null,
    postTokenBalances: null,
    preBalances: null,
    preTokenBalances: null,
    replacementBlockhash: null,
    returnData: null,
    unitsConsumed: 0n
  }
}
